<?xml version="1.0" encoding="UTF-8"?>
<testsuite xmlns:xsi="http://www.w3.org/2001/XMLSchema-instance" xsi:noNamespaceSchemaLocation="https://maven.apache.org/surefire/maven-surefire-plugin/xsd/surefire-test-report-3.0.xsd" version="3.0" name="com.example.BusinessRuleEngineApplicationTests" time="4.145" tests="1" errors="0" skipped="0" failures="0">
  <properties>
[...]
</properties>
  <testcase name="contextLoads" classname="com.example.BusinessRuleEngineApplicationTests" time="1.507">
    <system-out><![CDATA[08:56:20.779 [main] INFO org.springframework.test.context.support.AnnotationConfigContextLoaderUtils -- Could not detect default configuration classes for test class [com.example.BusinessRuleEngineApplicationTests]: BusinessRuleEngineApplicationTests does not declare any static, non-private, non-final, nested classes annotated with @Configuration.
08:56:20.916 [main] INFO org.springframework.boot.test.context.SpringBootTestContextBootstrapper -- Found @SpringBootConfiguration com.example.BusinessRuleEngineApplication for test class com.example.BusinessRuleEngineApplicationTests

  .   ____          _            __ _ _
 /\\ / ___'_ __ _ _(_)_ __  __ _ \ \ \ \
( ( )\___ | '_ | '_| | '_ \/ _` | \ \ \ \
 \\/  ___)| |_)| | | | | || (_| |  ) ) ) )
  '  |____| .__|_| |_|_| |_\__, | / / / /
 =========|_|==============|___/=/_/_/_/
 :: Spring Boot ::                (v3.2.0)

2025-08-27T08:56:21.528+05:30  INFO 22632 --- [business-rule-engine] [           main] c.e.BusinessRuleEngineApplicationTests   : Starting BusinessRuleEngineApplicationTests using Java 22.0.2 with PID 22632 (started by ssame in D:\Development\business-rule-engine)
2025-08-27T08:56:21.529+05:30 DEBUG 22632 --- [business-rule-engine] [           main] c.e.BusinessRuleEngineApplicationTests   : Running with Spring Boot v3.2.0, Spring v6.1.1
2025-08-27T08:56:21.530+05:30  INFO 22632 --- [business-rule-engine] [           main] c.e.BusinessRuleEngineApplicationTests   : No active profile set, falling back to 1 default profile: "default"
2025-08-27T08:56:21.564+05:30 DEBUG 22632 --- [business-rule-engine] [           main] o.s.w.c.s.GenericWebApplicationContext   : Refreshing org.springframework.web.context.support.GenericWebApplicationContext@40bffbca
2025-08-27T08:56:22.737+05:30 DEBUG 22632 --- [business-rule-engine] [           main] s.w.s.m.m.a.RequestMappingHandlerMapping : 6 mappings in 'requestMappingHandlerMapping'
2025-08-27T08:56:22.885+05:30 DEBUG 22632 --- [business-rule-engine] [           main] o.s.w.s.handler.SimpleUrlHandlerMapping  : Patterns [/webjars/**, /**] in 'resourceHandlerMapping'
2025-08-27T08:56:22.946+05:30 DEBUG 22632 --- [business-rule-engine] [           main] s.w.s.m.m.a.RequestMappingHandlerAdapter : ControllerAdvice beans: 0 @ModelAttribute, 0 @InitBinder, 1 RequestBodyAdvice, 1 ResponseBodyAdvice
2025-08-27T08:56:23.023+05:30 DEBUG 22632 --- [business-rule-engine] [           main] .m.m.a.ExceptionHandlerExceptionResolver : ControllerAdvice beans: 0 @ExceptionHandler, 1 ResponseBodyAdvice
2025-08-27T08:56:23.138+05:30  INFO 22632 --- [business-rule-engine] [           main] c.e.BusinessRuleEngineApplicationTests   : Started BusinessRuleEngineApplicationTests in 2.065 seconds (process running for 3.396)
]]></system-out>
    <system-err><![CDATA[WARNING: A Java agent has been loaded dynamically (C:\Users\ssame\.m2\repository\net\bytebuddy\byte-buddy-agent\1.14.10\byte-buddy-agent-1.14.10.jar)
WARNING: If a serviceability tool is in use, please run with -XX:+EnableDynamicAgentLoading to hide this warning
WARNING: If a serviceability tool is not in use, please run with -Djdk.instrument.traceUsage for more information
WARNING: Dynamic loading of agents will be disallowed by default in a future release
]]></system-err>
  </testcase>
</testsuite>